CRITICAL - 2023-06-16 01:04:31 --> Class "App\Filters\Auth" not found
#0 C:\xampp\htdocs\lab9\Lab9_php_ci\ci4\system\CodeIgniter.php(393): CodeIgniter\Filters\Filters->run('admin/artikel', 'before')
#1 C:\xampp\htdocs\lab9\Lab9_php_ci\ci4\system\CodeIgniter.php(326): CodeIgniter\CodeIgniter->handleRequest(NULL, Object(Config\Cache), false)
#2 C:\xampp\htdocs\lab9\Lab9_php_ci\ci4\public\index.php(37): CodeIgniter\CodeIgniter->run()
#3 C:\xampp\htdocs\lab9\Lab9_php_ci\ci4\system\Commands\Server\rewrite.php(43): require_once('C:\\xampp\\htdocs...')
#4 {main}
CRITICAL - 2023-06-16 01:04:34 --> Class "App\Filters\Auth" not found
#0 C:\xampp\htdocs\lab9\Lab9_php_ci\ci4\system\CodeIgniter.php(393): CodeIgniter\Filters\Filters->run('admin/artikel', 'before')
#1 C:\xampp\htdocs\lab9\Lab9_php_ci\ci4\system\CodeIgniter.php(326): CodeIgniter\CodeIgniter->handleRequest(NULL, Object(Config\Cache), false)
#2 C:\xampp\htdocs\lab9\Lab9_php_ci\ci4\public\index.php(37): CodeIgniter\CodeIgniter->run()
#3 C:\xampp\htdocs\lab9\Lab9_php_ci\ci4\system\Commands\Server\rewrite.php(43): require_once('C:\\xampp\\htdocs...')
#4 {main}
CRITICAL - 2023-06-16 08:30:30 --> The original file is not a valid file.
#0 C:\xampp\htdocs\lab9\Lab9_php_ci\ci4\system\HTTP\Files\UploadedFile.php(137): CodeIgniter\HTTP\Exceptions\HTTPException::forInvalidFile()
#1 C:\xampp\htdocs\lab9\Lab9_php_ci\ci4\app\Controllers\Artikel.php(51): CodeIgniter\HTTP\Files\UploadedFile->move('C:\\xampp\\htdocs...')
#2 C:\xampp\htdocs\lab9\Lab9_php_ci\ci4\system\CodeIgniter.php(832): App\Controllers\Artikel->add()
#3 C:\xampp\htdocs\lab9\Lab9_php_ci\ci4\system\CodeIgniter.php(419): CodeIgniter\CodeIgniter->runController(Object(App\Controllers\Artikel))
#4 C:\xampp\htdocs\lab9\Lab9_php_ci\ci4\system\CodeIgniter.php(326): CodeIgniter\CodeIgniter->handleRequest(NULL, Object(Config\Cache), false)
#5 C:\xampp\htdocs\lab9\Lab9_php_ci\ci4\public\index.php(37): CodeIgniter\CodeIgniter->run()
#6 C:\xampp\htdocs\lab9\Lab9_php_ci\ci4\system\Commands\Server\rewrite.php(43): require_once('C:\\xampp\\htdocs...')
#7 {main}
CRITICAL - 2023-06-16 08:36:07 --> Undefined variable $q
#0 C:\xampp\htdocs\lab9\Lab9_php_ci\ci4\app\Views\artikel\admin_index.php(4): CodeIgniter\Debug\Exceptions->errorHandler(2, 'Undefined varia...', 'C:\\xampp\\htdocs...', 4)
#1 C:\xampp\htdocs\lab9\Lab9_php_ci\ci4\system\View\View.php(210): include('C:\\xampp\\htdocs...')
#2 C:\xampp\htdocs\lab9\Lab9_php_ci\ci4\system\View\View.php(213): CodeIgniter\View\View->CodeIgniter\View\{closure}()
#3 C:\xampp\htdocs\lab9\Lab9_php_ci\ci4\system\Common.php(1089): CodeIgniter\View\View->render('artikel/admin_i...', Array, true)
#4 C:\xampp\htdocs\lab9\Lab9_php_ci\ci4\app\Controllers\Artikel.php(39): view('artikel/admin_i...', Array)
#5 C:\xampp\htdocs\lab9\Lab9_php_ci\ci4\system\CodeIgniter.php(832): App\Controllers\Artikel->admin_index()
#6 C:\xampp\htdocs\lab9\Lab9_php_ci\ci4\system\CodeIgniter.php(419): CodeIgniter\CodeIgniter->runController(Object(App\Controllers\Artikel))
#7 C:\xampp\htdocs\lab9\Lab9_php_ci\ci4\system\CodeIgniter.php(326): CodeIgniter\CodeIgniter->handleRequest(NULL, Object(Config\Cache), false)
#8 C:\xampp\htdocs\lab9\Lab9_php_ci\ci4\public\index.php(37): CodeIgniter\CodeIgniter->run()
#9 C:\xampp\htdocs\lab9\Lab9_php_ci\ci4\system\Commands\Server\rewrite.php(43): require_once('C:\\xampp\\htdocs...')
#10 {main}
CRITICAL - 2023-06-16 08:36:17 --> Undefined variable $q
#0 C:\xampp\htdocs\lab9\Lab9_php_ci\ci4\app\Views\artikel\admin_index.php(4): CodeIgniter\Debug\Exceptions->errorHandler(2, 'Undefined varia...', 'C:\\xampp\\htdocs...', 4)
#1 C:\xampp\htdocs\lab9\Lab9_php_ci\ci4\system\View\View.php(210): include('C:\\xampp\\htdocs...')
#2 C:\xampp\htdocs\lab9\Lab9_php_ci\ci4\system\View\View.php(213): CodeIgniter\View\View->CodeIgniter\View\{closure}()
#3 C:\xampp\htdocs\lab9\Lab9_php_ci\ci4\system\Common.php(1089): CodeIgniter\View\View->render('artikel/admin_i...', Array, true)
#4 C:\xampp\htdocs\lab9\Lab9_php_ci\ci4\app\Controllers\Artikel.php(39): view('artikel/admin_i...', Array)
#5 C:\xampp\htdocs\lab9\Lab9_php_ci\ci4\system\CodeIgniter.php(832): App\Controllers\Artikel->admin_index()
#6 C:\xampp\htdocs\lab9\Lab9_php_ci\ci4\system\CodeIgniter.php(419): CodeIgniter\CodeIgniter->runController(Object(App\Controllers\Artikel))
#7 C:\xampp\htdocs\lab9\Lab9_php_ci\ci4\system\CodeIgniter.php(326): CodeIgniter\CodeIgniter->handleRequest(NULL, Object(Config\Cache), false)
#8 C:\xampp\htdocs\lab9\Lab9_php_ci\ci4\public\index.php(37): CodeIgniter\CodeIgniter->run()
#9 C:\xampp\htdocs\lab9\Lab9_php_ci\ci4\system\Commands\Server\rewrite.php(43): require_once('C:\\xampp\\htdocs...')
#10 {main}
CRITICAL - 2023-06-16 08:36:18 --> Undefined variable $q
#0 C:\xampp\htdocs\lab9\Lab9_php_ci\ci4\app\Views\artikel\admin_index.php(4): CodeIgniter\Debug\Exceptions->errorHandler(2, 'Undefined varia...', 'C:\\xampp\\htdocs...', 4)
#1 C:\xampp\htdocs\lab9\Lab9_php_ci\ci4\system\View\View.php(210): include('C:\\xampp\\htdocs...')
#2 C:\xampp\htdocs\lab9\Lab9_php_ci\ci4\system\View\View.php(213): CodeIgniter\View\View->CodeIgniter\View\{closure}()
#3 C:\xampp\htdocs\lab9\Lab9_php_ci\ci4\system\Common.php(1089): CodeIgniter\View\View->render('artikel/admin_i...', Array, true)
#4 C:\xampp\htdocs\lab9\Lab9_php_ci\ci4\app\Controllers\Artikel.php(39): view('artikel/admin_i...', Array)
#5 C:\xampp\htdocs\lab9\Lab9_php_ci\ci4\system\CodeIgniter.php(832): App\Controllers\Artikel->admin_index()
#6 C:\xampp\htdocs\lab9\Lab9_php_ci\ci4\system\CodeIgniter.php(419): CodeIgniter\CodeIgniter->runController(Object(App\Controllers\Artikel))
#7 C:\xampp\htdocs\lab9\Lab9_php_ci\ci4\system\CodeIgniter.php(326): CodeIgniter\CodeIgniter->handleRequest(NULL, Object(Config\Cache), false)
#8 C:\xampp\htdocs\lab9\Lab9_php_ci\ci4\public\index.php(37): CodeIgniter\CodeIgniter->run()
#9 C:\xampp\htdocs\lab9\Lab9_php_ci\ci4\system\Commands\Server\rewrite.php(43): require_once('C:\\xampp\\htdocs...')
#10 {main}
CRITICAL - 2023-06-16 08:36:57 --> Undefined variable $q
#0 C:\xampp\htdocs\lab9\Lab9_php_ci\ci4\app\Views\artikel\admin_index.php(4): CodeIgniter\Debug\Exceptions->errorHandler(2, 'Undefined varia...', 'C:\\xampp\\htdocs...', 4)
#1 C:\xampp\htdocs\lab9\Lab9_php_ci\ci4\system\View\View.php(210): include('C:\\xampp\\htdocs...')
#2 C:\xampp\htdocs\lab9\Lab9_php_ci\ci4\system\View\View.php(213): CodeIgniter\View\View->CodeIgniter\View\{closure}()
#3 C:\xampp\htdocs\lab9\Lab9_php_ci\ci4\system\Common.php(1089): CodeIgniter\View\View->render('artikel/admin_i...', Array, true)
#4 C:\xampp\htdocs\lab9\Lab9_php_ci\ci4\app\Controllers\Artikel.php(39): view('artikel/admin_i...', Array)
#5 C:\xampp\htdocs\lab9\Lab9_php_ci\ci4\system\CodeIgniter.php(832): App\Controllers\Artikel->admin_index()
#6 C:\xampp\htdocs\lab9\Lab9_php_ci\ci4\system\CodeIgniter.php(419): CodeIgniter\CodeIgniter->runController(Object(App\Controllers\Artikel))
#7 C:\xampp\htdocs\lab9\Lab9_php_ci\ci4\system\CodeIgniter.php(326): CodeIgniter\CodeIgniter->handleRequest(NULL, Object(Config\Cache), false)
#8 C:\xampp\htdocs\lab9\Lab9_php_ci\ci4\public\index.php(37): CodeIgniter\CodeIgniter->run()
#9 C:\xampp\htdocs\lab9\Lab9_php_ci\ci4\system\Commands\Server\rewrite.php(43): require_once('C:\\xampp\\htdocs...')
#10 {main}
CRITICAL - 2023-06-16 08:36:59 --> Undefined variable $q
#0 C:\xampp\htdocs\lab9\Lab9_php_ci\ci4\app\Views\artikel\admin_index.php(4): CodeIgniter\Debug\Exceptions->errorHandler(2, 'Undefined varia...', 'C:\\xampp\\htdocs...', 4)
#1 C:\xampp\htdocs\lab9\Lab9_php_ci\ci4\system\View\View.php(210): include('C:\\xampp\\htdocs...')
#2 C:\xampp\htdocs\lab9\Lab9_php_ci\ci4\system\View\View.php(213): CodeIgniter\View\View->CodeIgniter\View\{closure}()
#3 C:\xampp\htdocs\lab9\Lab9_php_ci\ci4\system\Common.php(1089): CodeIgniter\View\View->render('artikel/admin_i...', Array, true)
#4 C:\xampp\htdocs\lab9\Lab9_php_ci\ci4\app\Controllers\Artikel.php(39): view('artikel/admin_i...', Array)
#5 C:\xampp\htdocs\lab9\Lab9_php_ci\ci4\system\CodeIgniter.php(832): App\Controllers\Artikel->admin_index()
#6 C:\xampp\htdocs\lab9\Lab9_php_ci\ci4\system\CodeIgniter.php(419): CodeIgniter\CodeIgniter->runController(Object(App\Controllers\Artikel))
#7 C:\xampp\htdocs\lab9\Lab9_php_ci\ci4\system\CodeIgniter.php(326): CodeIgniter\CodeIgniter->handleRequest(NULL, Object(Config\Cache), false)
#8 C:\xampp\htdocs\lab9\Lab9_php_ci\ci4\public\index.php(37): CodeIgniter\CodeIgniter->run()
#9 C:\xampp\htdocs\lab9\Lab9_php_ci\ci4\system\Commands\Server\rewrite.php(43): require_once('C:\\xampp\\htdocs...')
#10 {main}
CRITICAL - 2023-06-16 08:37:05 --> Undefined variable $q
#0 C:\xampp\htdocs\lab9\Lab9_php_ci\ci4\app\Views\artikel\admin_index.php(4): CodeIgniter\Debug\Exceptions->errorHandler(2, 'Undefined varia...', 'C:\\xampp\\htdocs...', 4)
#1 C:\xampp\htdocs\lab9\Lab9_php_ci\ci4\system\View\View.php(210): include('C:\\xampp\\htdocs...')
#2 C:\xampp\htdocs\lab9\Lab9_php_ci\ci4\system\View\View.php(213): CodeIgniter\View\View->CodeIgniter\View\{closure}()
#3 C:\xampp\htdocs\lab9\Lab9_php_ci\ci4\system\Common.php(1089): CodeIgniter\View\View->render('artikel/admin_i...', Array, true)
#4 C:\xampp\htdocs\lab9\Lab9_php_ci\ci4\app\Controllers\Artikel.php(39): view('artikel/admin_i...', Array)
#5 C:\xampp\htdocs\lab9\Lab9_php_ci\ci4\system\CodeIgniter.php(832): App\Controllers\Artikel->admin_index()
#6 C:\xampp\htdocs\lab9\Lab9_php_ci\ci4\system\CodeIgniter.php(419): CodeIgniter\CodeIgniter->runController(Object(App\Controllers\Artikel))
#7 C:\xampp\htdocs\lab9\Lab9_php_ci\ci4\system\CodeIgniter.php(326): CodeIgniter\CodeIgniter->handleRequest(NULL, Object(Config\Cache), false)
#8 C:\xampp\htdocs\lab9\Lab9_php_ci\ci4\public\index.php(37): CodeIgniter\CodeIgniter->run()
#9 C:\xampp\htdocs\lab9\Lab9_php_ci\ci4\system\Commands\Server\rewrite.php(43): require_once('C:\\xampp\\htdocs...')
#10 {main}
CRITICAL - 2023-06-16 08:37:07 --> Undefined variable $q
#0 C:\xampp\htdocs\lab9\Lab9_php_ci\ci4\app\Views\artikel\admin_index.php(4): CodeIgniter\Debug\Exceptions->errorHandler(2, 'Undefined varia...', 'C:\\xampp\\htdocs...', 4)
#1 C:\xampp\htdocs\lab9\Lab9_php_ci\ci4\system\View\View.php(210): include('C:\\xampp\\htdocs...')
#2 C:\xampp\htdocs\lab9\Lab9_php_ci\ci4\system\View\View.php(213): CodeIgniter\View\View->CodeIgniter\View\{closure}()
#3 C:\xampp\htdocs\lab9\Lab9_php_ci\ci4\system\Common.php(1089): CodeIgniter\View\View->render('artikel/admin_i...', Array, true)
#4 C:\xampp\htdocs\lab9\Lab9_php_ci\ci4\app\Controllers\Artikel.php(39): view('artikel/admin_i...', Array)
#5 C:\xampp\htdocs\lab9\Lab9_php_ci\ci4\system\CodeIgniter.php(832): App\Controllers\Artikel->admin_index()
#6 C:\xampp\htdocs\lab9\Lab9_php_ci\ci4\system\CodeIgniter.php(419): CodeIgniter\CodeIgniter->runController(Object(App\Controllers\Artikel))
#7 C:\xampp\htdocs\lab9\Lab9_php_ci\ci4\system\CodeIgniter.php(326): CodeIgniter\CodeIgniter->handleRequest(NULL, Object(Config\Cache), false)
#8 C:\xampp\htdocs\lab9\Lab9_php_ci\ci4\public\index.php(37): CodeIgniter\CodeIgniter->run()
#9 C:\xampp\htdocs\lab9\Lab9_php_ci\ci4\system\Commands\Server\rewrite.php(43): require_once('C:\\xampp\\htdocs...')
#10 {main}
CRITICAL - 2023-06-16 08:51:43 --> Invalid file: user/index.php
#0 C:\xampp\htdocs\lab9\Lab9_php_ci\ci4\system\View\View.php(198): CodeIgniter\Exceptions\FrameworkException::forInvalidFile('user/index.php')
#1 C:\xampp\htdocs\lab9\Lab9_php_ci\ci4\system\Common.php(1089): CodeIgniter\View\View->render('user/index', Array, true)
#2 C:\xampp\htdocs\lab9\Lab9_php_ci\ci4\app\Controllers\User.php(11): view('user/index', Array)
#3 C:\xampp\htdocs\lab9\Lab9_php_ci\ci4\system\CodeIgniter.php(832): App\Controllers\User->index()
#4 C:\xampp\htdocs\lab9\Lab9_php_ci\ci4\system\CodeIgniter.php(419): CodeIgniter\CodeIgniter->runController(Object(App\Controllers\User))
#5 C:\xampp\htdocs\lab9\Lab9_php_ci\ci4\system\CodeIgniter.php(326): CodeIgniter\CodeIgniter->handleRequest(NULL, Object(Config\Cache), false)
#6 C:\xampp\htdocs\lab9\Lab9_php_ci\ci4\public\index.php(37): CodeIgniter\CodeIgniter->run()
#7 C:\xampp\htdocs\lab9\Lab9_php_ci\ci4\system\Commands\Server\rewrite.php(43): require_once('C:\\xampp\\htdocs...')
#8 {main}
