ERROR - 2023-06-21 04:05:32 --> Error connecting to the database: No connection could be made because the target machine actively refused it
CRITICAL - 2023-06-21 04:05:32 --> Unable to connect to the database.
Main connection [MySQLi]: No connection could be made because the target machine actively refused it
#0 C:\xampp\htdocs\lab11\Lab10_php_ci\ci4\system\Database\BaseConnection.php(577): CodeIgniter\Database\BaseConnection->initialize()
#1 C:\xampp\htdocs\lab11\Lab10_php_ci\ci4\system\Database\BaseBuilder.php(1455): CodeIgniter\Database\BaseConnection->query('SELECT *\nFROM `...', Array, false)
#2 C:\xampp\htdocs\lab11\Lab10_php_ci\ci4\system\Model.php(210): CodeIgniter\Database\BaseBuilder->get()
#3 C:\xampp\htdocs\lab11\Lab10_php_ci\ci4\system\BaseModel.php(622): CodeIgniter\Model->doFirst()
#4 C:\xampp\htdocs\lab11\Lab10_php_ci\ci4\app\Controllers\User.php(24): CodeIgniter\BaseModel->first()
#5 C:\xampp\htdocs\lab11\Lab10_php_ci\ci4\system\CodeIgniter.php(832): App\Controllers\User->login()
#6 C:\xampp\htdocs\lab11\Lab10_php_ci\ci4\system\CodeIgniter.php(419): CodeIgniter\CodeIgniter->runController(Object(App\Controllers\User))
#7 C:\xampp\htdocs\lab11\Lab10_php_ci\ci4\system\CodeIgniter.php(326): CodeIgniter\CodeIgniter->handleRequest(NULL, Object(Config\Cache), false)
#8 C:\xampp\htdocs\lab11\Lab10_php_ci\ci4\public\index.php(37): CodeIgniter\CodeIgniter->run()
#9 C:\xampp\htdocs\lab11\Lab10_php_ci\ci4\system\Commands\Server\rewrite.php(43): require_once('C:\\xampp\\htdocs...')
#10 {main}
ERROR - 2023-06-21 04:05:49 --> Error connecting to the database: No connection could be made because the target machine actively refused it
CRITICAL - 2023-06-21 04:05:49 --> Unable to connect to the database.
Main connection [MySQLi]: No connection could be made because the target machine actively refused it
#0 C:\xampp\htdocs\lab11\Lab10_php_ci\ci4\system\Database\BaseConnection.php(577): CodeIgniter\Database\BaseConnection->initialize()
#1 C:\xampp\htdocs\lab11\Lab10_php_ci\ci4\system\Database\BaseBuilder.php(1455): CodeIgniter\Database\BaseConnection->query('SELECT *\nFROM `...', Array, false)
#2 C:\xampp\htdocs\lab11\Lab10_php_ci\ci4\system\Model.php(210): CodeIgniter\Database\BaseBuilder->get()
#3 C:\xampp\htdocs\lab11\Lab10_php_ci\ci4\system\BaseModel.php(622): CodeIgniter\Model->doFirst()
#4 C:\xampp\htdocs\lab11\Lab10_php_ci\ci4\app\Controllers\User.php(24): CodeIgniter\BaseModel->first()
#5 C:\xampp\htdocs\lab11\Lab10_php_ci\ci4\system\CodeIgniter.php(832): App\Controllers\User->login()
#6 C:\xampp\htdocs\lab11\Lab10_php_ci\ci4\system\CodeIgniter.php(419): CodeIgniter\CodeIgniter->runController(Object(App\Controllers\User))
#7 C:\xampp\htdocs\lab11\Lab10_php_ci\ci4\system\CodeIgniter.php(326): CodeIgniter\CodeIgniter->handleRequest(NULL, Object(Config\Cache), false)
#8 C:\xampp\htdocs\lab11\Lab10_php_ci\ci4\public\index.php(37): CodeIgniter\CodeIgniter->run()
#9 C:\xampp\htdocs\lab11\Lab10_php_ci\ci4\system\Commands\Server\rewrite.php(43): require_once('C:\\xampp\\htdocs...')
#10 {main}
ERROR - 2023-06-21 04:06:12 --> Error connecting to the database: No connection could be made because the target machine actively refused it
CRITICAL - 2023-06-21 04:06:12 --> Unable to connect to the database.
Main connection [MySQLi]: No connection could be made because the target machine actively refused it
#0 C:\xampp\htdocs\lab11\Lab10_php_ci\ci4\system\Database\BaseConnection.php(577): CodeIgniter\Database\BaseConnection->initialize()
#1 C:\xampp\htdocs\lab11\Lab10_php_ci\ci4\system\Database\BaseBuilder.php(1539): CodeIgniter\Database\BaseConnection->query('SELECT COUNT(*)...', Array, false)
#2 C:\xampp\htdocs\lab11\Lab10_php_ci\ci4\system\Model.php(509): CodeIgniter\Database\BaseBuilder->countAllResults(false)
#3 C:\xampp\htdocs\lab11\Lab10_php_ci\ci4\system\BaseModel.php(1084): CodeIgniter\Model->countAllResults(false)
#4 C:\xampp\htdocs\lab11\Lab10_php_ci\ci4\app\Controllers\Artikel.php(36): CodeIgniter\BaseModel->paginate(4, 'bootstrap')
#5 C:\xampp\htdocs\lab11\Lab10_php_ci\ci4\system\CodeIgniter.php(832): App\Controllers\Artikel->admin_index()
#6 C:\xampp\htdocs\lab11\Lab10_php_ci\ci4\system\CodeIgniter.php(419): CodeIgniter\CodeIgniter->runController(Object(App\Controllers\Artikel))
#7 C:\xampp\htdocs\lab11\Lab10_php_ci\ci4\system\CodeIgniter.php(326): CodeIgniter\CodeIgniter->handleRequest(NULL, Object(Config\Cache), false)
#8 C:\xampp\htdocs\lab11\Lab10_php_ci\ci4\public\index.php(37): CodeIgniter\CodeIgniter->run()
#9 C:\xampp\htdocs\lab11\Lab10_php_ci\ci4\system\Commands\Server\rewrite.php(43): require_once('C:\\xampp\\htdocs...')
#10 {main}
